INFO 2025-12-06 16:50:30 db_utils.py:102 [1m[34mLogs will be synced with wandb.[0m
INFO 2025-12-06 16:50:30 db_utils.py:103 Track this run --> [1m[33mhttps://wandb.ai/kiyodai02-meiji/lerobot/runs/0dtgxr32[0m
INFO 2025-12-06 16:50:30 ot_train.py:183 Creating dataset
INFO 2025-12-06 16:50:30 ot_train.py:202 Creating policy
Loading weights from local directory
INFO 2025-12-06 16:50:31 ot_train.py:247 Creating optimizer and scheduler
INFO 2025-12-06 16:50:32 ot_train.py:259 [1m[33mOutput dir:[0m outputs/train/serve_cucumber_roll
INFO 2025-12-06 16:50:32 ot_train.py:262 cfg.steps=15000 (15K)
INFO 2025-12-06 16:50:32 ot_train.py:263 dataset.num_frames=37245 (37K)
INFO 2025-12-06 16:50:32 ot_train.py:264 dataset.num_episodes=40
INFO 2025-12-06 16:50:32 ot_train.py:267 Effective batch size: 64 x 1 = 64
INFO 2025-12-06 16:50:32 ot_train.py:268 num_learnable_params=51597190 (52M)
INFO 2025-12-06 16:50:32 ot_train.py:269 num_total_params=51597190 (52M)
INFO 2025-12-06 16:50:32 ot_train.py:324 Start offline training on a fixed dataset
INFO 2025-12-06 16:52:27 ot_train.py:351 step:11K smpl:717K ep:770 epch:19.25 loss:0.084 grdn:6.433 lr:1.0e-05 updt_s:0.530 data_s:0.045
INFO 2025-12-06 16:53:27 ot_train.py:351 step:11K smpl:730K ep:784 epch:19.59 loss:0.084 grdn:6.536 lr:1.0e-05 updt_s:0.267 data_s:0.030
INFO 2025-12-06 16:55:12 ot_train.py:351 step:12K smpl:742K ep:797 epch:19.93 loss:0.083 grdn:6.446 lr:1.0e-05 updt_s:0.464 data_s:0.058
INFO 2025-12-06 16:56:15 ot_train.py:351 step:12K smpl:755K ep:811 epch:20.28 loss:0.082 grdn:6.663 lr:1.0e-05 updt_s:0.268 data_s:0.048
INFO 2025-12-06 16:57:18 ot_train.py:351 step:12K smpl:768K ep:825 epch:20.62 loss:0.081 grdn:6.408 lr:1.0e-05 updt_s:0.268 data_s:0.045
INFO 2025-12-06 16:57:18 ot_train.py:361 Checkpoint policy after step 12000
INFO 2025-12-06 16:58:26 ot_train.py:351 step:12K smpl:781K ep:839 epch:20.96 loss:0.081 grdn:5.765 lr:1.0e-05 updt_s:0.267 data_s:0.066
INFO 2025-12-06 16:59:29 ot_train.py:351 step:12K smpl:794K ep:852 epch:21.31 loss:0.080 grdn:6.606 lr:1.0e-05 updt_s:0.267 data_s:0.044
INFO 2025-12-06 17:00:31 ot_train.py:351 step:13K smpl:806K ep:866 epch:21.65 loss:0.079 grdn:6.024 lr:1.0e-05 updt_s:0.268 data_s:0.043
INFO 2025-12-06 17:01:39 ot_train.py:351 step:13K smpl:819K ep:880 epch:21.99 loss:0.079 grdn:6.067 lr:1.0e-05 updt_s:0.269 data_s:0.070
INFO 2025-12-06 17:02:48 ot_train.py:351 step:13K smpl:832K ep:894 epch:22.34 loss:0.078 grdn:5.875 lr:1.0e-05 updt_s:0.267 data_s:0.076
INFO 2025-12-06 17:02:48 ot_train.py:361 Checkpoint policy after step 13000
INFO 2025-12-06 17:03:57 ot_train.py:351 step:13K smpl:845K ep:907 epch:22.68 loss:0.077 grdn:6.107 lr:1.0e-05 updt_s:0.267 data_s:0.072
INFO 2025-12-06 17:05:10 ot_train.py:351 step:13K smpl:858K ep:921 epch:23.03 loss:0.077 grdn:6.263 lr:1.0e-05 updt_s:0.267 data_s:0.096
INFO 2025-12-06 17:06:14 ot_train.py:351 step:14K smpl:870K ep:935 epch:23.37 loss:0.076 grdn:5.843 lr:1.0e-05 updt_s:0.267 data_s:0.054
INFO 2025-12-06 17:07:17 ot_train.py:351 step:14K smpl:883K ep:949 epch:23.71 loss:0.075 grdn:5.666 lr:1.0e-05 updt_s:0.268 data_s:0.048
INFO 2025-12-06 17:08:26 ot_train.py:351 step:14K smpl:896K ep:962 epch:24.06 loss:0.075 grdn:5.838 lr:1.0e-05 updt_s:0.270 data_s:0.071
INFO 2025-12-06 17:08:26 ot_train.py:361 Checkpoint policy after step 14000
INFO 2025-12-06 17:09:32 ot_train.py:351 step:14K smpl:909K ep:976 epch:24.40 loss:0.074 grdn:5.914 lr:1.0e-05 updt_s:0.268 data_s:0.051
INFO 2025-12-06 17:10:37 ot_train.py:351 step:14K smpl:922K ep:990 epch:24.74 loss:0.074 grdn:5.642 lr:1.0e-05 updt_s:0.267 data_s:0.058
INFO 2025-12-06 17:11:45 ot_train.py:351 step:15K smpl:934K ep:1K epch:25.09 loss:0.073 grdn:5.777 lr:1.0e-05 updt_s:0.267 data_s:0.073
INFO 2025-12-06 17:12:48 ot_train.py:351 step:15K smpl:947K ep:1K epch:25.43 loss:0.073 grdn:5.777 lr:1.0e-05 updt_s:0.268 data_s:0.044
INFO 2025-12-06 17:13:51 ot_train.py:351 step:15K smpl:960K ep:1K epch:25.78 loss:0.072 grdn:5.602 lr:1.0e-05 updt_s:0.267 data_s:0.051
INFO 2025-12-06 17:13:51 ot_train.py:361 Checkpoint policy after step 15000
INFO 2025-12-06 17:13:53 ot_train.py:430 End of training
Traceback (most recent call last):
  File "/opt/venv/bin/lerobot-train", line 7, in <module>
    sys.exit(main())
             ^^^^^^
  File "/workspace/lerobot/src/lerobot/scripts/lerobot_train.py", line 444, in main
    train()
  File "/workspace/lerobot/src/lerobot/configs/parser.py", line 233, in wrapper_inner
    response = fn(cfg, *args, **kwargs)
               ^^^^^^^^^^^^^^^^^^^^^^^^
  File "/workspace/lerobot/src/lerobot/scripts/lerobot_train.py", line 434, in train
    unwrapped_policy.push_model_to_hub(cfg)
  File "/workspace/lerobot/src/lerobot/policies/pretrained.py", line 211, in push_model_to_hub
    repo_id = api.create_repo(
              ^^^^^^^^^^^^^^^^
  File "/opt/venv/lib/python3.12/site-packages/huggingface_hub/utils/_validators.py", line 106, in _inner_fn
    validate_repo_id(arg_value)
  File "/opt/venv/lib/python3.12/site-packages/huggingface_hub/utils/_validators.py", line 160, in validate_repo_id
    raise HFValidationError(
huggingface_hub.errors.HFValidationError: Repo id must use alphanumeric chars or '-', '_', '.', '--' and '..' are forbidden, '-' and '.' cannot start or end the name, max length is 96: 'HankLL/ServeCucumberRoll　'.
