{"time":"2025-12-06T18:25:15.71864153Z","level":"INFO","msg":"stream: starting","core version":"0.21.4"}
{"time":"2025-12-06T18:25:16.311971294Z","level":"INFO","msg":"stream: created new stream","id":"u4c65wgg"}
{"time":"2025-12-06T18:25:16.31200868Z","level":"INFO","msg":"stream: started","id":"u4c65wgg"}
{"time":"2025-12-06T18:25:16.31204451Z","level":"INFO","msg":"sender: started","stream_id":"u4c65wgg"}
{"time":"2025-12-06T18:25:16.312031455Z","level":"INFO","msg":"writer: started","stream_id":"u4c65wgg"}
{"time":"2025-12-06T18:25:16.312086063Z","level":"INFO","msg":"handler: started","stream_id":"u4c65wgg"}
{"time":"2025-12-06T18:27:11.56262508Z","level":"WARN","msg":"handler: ignoring partial history record","step":11200,"current":11201}
{"time":"2025-12-06T18:27:11.563653807Z","level":"WARN","msg":"handler: ignoring partial history record","step":11200,"current":11201}
{"time":"2025-12-06T18:27:11.563666129Z","level":"WARN","msg":"handler: ignoring partial history record","step":11200,"current":11201}
{"time":"2025-12-06T18:27:11.563670921Z","level":"WARN","msg":"handler: ignoring partial history record","step":11200,"current":11201}
{"time":"2025-12-06T18:27:11.563674853Z","level":"WARN","msg":"handler: ignoring partial history record","step":11200,"current":11201}
{"time":"2025-12-06T18:27:11.563677837Z","level":"WARN","msg":"handler: ignoring partial history record","step":11200,"current":11201}
{"time":"2025-12-06T18:27:11.563680541Z","level":"WARN","msg":"handler: ignoring partial history record","step":11200,"current":11201}
{"time":"2025-12-06T18:27:11.563683359Z","level":"WARN","msg":"handler: ignoring partial history record","step":11200,"current":11201}
{"time":"2025-12-06T18:27:11.563686286Z","level":"WARN","msg":"handler: ignoring partial history record","step":11200,"current":11201}
{"time":"2025-12-06T18:27:11.563689504Z","level":"WARN","msg":"handler: ignoring partial history record","step":11200,"current":11201}
{"time":"2025-12-06T18:27:11.56369183Z","level":"WARN","msg":"handler: ignoring partial history record","step":11200,"current":11201}
{"time":"2025-12-06T18:46:13.019547986Z","level":"INFO","msg":"stream: closing","id":"u4c65wgg"}
{"time":"2025-12-06T18:46:13.442465458Z","level":"INFO","msg":"fileTransfer: Close: file transfer manager closed"}
{"time":"2025-12-06T18:46:13.562126104Z","level":"INFO","msg":"handler: closed","stream_id":"u4c65wgg"}
{"time":"2025-12-06T18:46:13.562202304Z","level":"INFO","msg":"sender: closed","stream_id":"u4c65wgg"}
{"time":"2025-12-06T18:46:13.56221823Z","level":"INFO","msg":"stream: closed","id":"u4c65wgg"}
